<?xml version="1.0" encoding="UTF-8"?>
<!-- Generated by org.testng.reporters.JUnitReportReporter -->
<testsuite hostname="testinglaptop" failures="0" tests="1" name="com.appName.domainName.ModuleNameTest" time="55.759" errors="0" timestamp="2022-10-21T12:48:01 IST" skipped="0">
  <testcase classname="com.appName.domainName.ModuleNameTest" name="testCaseName" time="55.759"/>
  <system-out/>
</testsuite> <!-- com.appName.domainName.ModuleNameTest -->
